2023-11-21 22:35:09,626 INFO werkzeug MainThread :  * Running on http://127.0.0.1:5000 (Press CTRL+C to quit)
2023-11-21 22:35:09,636 INFO werkzeug MainThread :  * Restarting with stat
2023-11-21 22:35:10,825 WARNING werkzeug MainThread :  * Debugger is active!
2023-11-21 22:35:10,835 INFO werkzeug MainThread :  * Debugger PIN: 746-857-499
2023-11-21 22:37:37,581 INFO werkzeug Thread-6 : 127.0.0.1 - - [21/Nov/2023 22:37:37] "[33mGET / HTTP/1.1[0m" 404 -
2023-11-21 22:37:38,177 INFO werkzeug Thread-6 : 127.0.0.1 - - [21/Nov/2023 22:37:38] "[33mGET /favicon.ico HTTP/1.1[0m" 404 -
2023-11-21 22:38:11,342 INFO werkzeug MainThread :  * Running on http://127.0.0.1:5000 (Press CTRL+C to quit)
2023-11-21 22:38:11,342 INFO werkzeug MainThread :  * Restarting with stat
2023-11-21 22:38:11,794 WARNING werkzeug MainThread :  * Debugger is active!
2023-11-21 22:38:11,794 INFO werkzeug MainThread :  * Debugger PIN: 746-857-499
2023-11-21 22:44:49,564 INFO werkzeug MainThread :  * Running on http://127.0.0.1:5000 (Press CTRL+C to quit)
2023-11-21 22:44:49,565 INFO werkzeug MainThread :  * Restarting with stat
2023-11-21 22:44:50,045 WARNING werkzeug MainThread :  * Debugger is active!
2023-11-21 22:44:50,048 INFO werkzeug MainThread :  * Debugger PIN: 746-857-499
2023-11-21 22:46:01,979 INFO werkzeug MainThread :  * Detected change in 'C:\\Users\\Altay\\Desktop\\BookStore-main\\venv\\lib\\site-packages\\flask_sqlalchemy\\__init__.py', reloading
2023-11-21 22:46:02,045 INFO werkzeug MainThread :  * Restarting with stat
2023-11-21 22:46:02,547 WARNING werkzeug MainThread :  * Debugger is active!
2023-11-21 22:46:02,550 INFO werkzeug MainThread :  * Debugger PIN: 746-857-499
2023-11-21 22:46:02,772 INFO werkzeug MainThread :  * Detected change in 'C:\\Users\\Altay\\Desktop\\BookStore-main\\venv\\lib\\site-packages\\flask_sqlalchemy\\__init__.py', reloading
2023-11-21 22:46:02,817 INFO werkzeug MainThread :  * Restarting with stat
2023-11-21 22:46:03,329 WARNING werkzeug MainThread :  * Debugger is active!
2023-11-21 22:46:03,332 INFO werkzeug MainThread :  * Debugger PIN: 746-857-499
2023-11-21 22:46:07,461 INFO werkzeug MainThread :  * Detected change in 'C:\\Users\\Altay\\Desktop\\BookStore-main\\venv\\lib\\site-packages\\flask_sqlalchemy\\__init__.py', reloading
2023-11-21 22:46:07,507 INFO werkzeug MainThread :  * Restarting with stat
2023-11-21 22:46:08,035 WARNING werkzeug MainThread :  * Debugger is active!
2023-11-21 22:46:08,035 INFO werkzeug MainThread :  * Debugger PIN: 746-857-499
2023-11-21 22:46:15,227 INFO werkzeug MainThread :  * Detected change in 'C:\\Users\\Altay\\Desktop\\BookStore-main\\venv\\lib\\site-packages\\flask_sqlalchemy\\__init__.py', reloading
2023-11-21 22:46:15,269 INFO werkzeug MainThread :  * Restarting with stat
2023-11-21 22:46:15,774 WARNING werkzeug MainThread :  * Debugger is active!
2023-11-21 22:46:15,774 INFO werkzeug MainThread :  * Debugger PIN: 746-857-499
2023-11-21 22:46:19,971 INFO werkzeug MainThread :  * Running on http://127.0.0.1:5000 (Press CTRL+C to quit)
2023-11-21 22:46:19,973 INFO werkzeug MainThread :  * Restarting with stat
2023-11-21 22:46:20,498 WARNING werkzeug MainThread :  * Debugger is active!
2023-11-21 22:46:20,500 INFO werkzeug MainThread :  * Debugger PIN: 746-857-499
2023-11-21 22:46:40,068 INFO werkzeug MainThread :  * Detected change in 'C:\\Users\\Altay\\Desktop\\BookStore-main\\venv\\lib\\site-packages\\flask_sqlalchemy\\__init__.py', reloading
2023-11-21 22:46:40,116 INFO werkzeug MainThread :  * Restarting with stat
2023-11-21 22:46:40,436 INFO werkzeug MainThread :  * Detected change in 'C:\\Users\\Altay\\Desktop\\BookStore-main\\venv\\lib\\site-packages\\flask_sqlalchemy\\__init__.py', reloading
2023-11-21 22:46:40,494 INFO werkzeug MainThread :  * Restarting with stat
2023-11-21 22:46:40,700 WARNING werkzeug MainThread :  * Debugger is active!
2023-11-21 22:46:40,704 INFO werkzeug MainThread :  * Debugger PIN: 746-857-499
2023-11-21 22:46:41,034 WARNING werkzeug MainThread :  * Debugger is active!
2023-11-21 22:46:41,037 INFO werkzeug MainThread :  * Debugger PIN: 746-857-499
2023-11-21 22:46:45,162 INFO werkzeug MainThread :  * Running on http://127.0.0.1:5000 (Press CTRL+C to quit)
2023-11-21 22:46:45,164 INFO werkzeug MainThread :  * Restarting with stat
2023-11-21 22:46:45,180 INFO werkzeug MainThread :  * Detected change in 'C:\\Users\\Altay\\Desktop\\BookStore-main\\venv\\lib\\site-packages\\flask_sqlalchemy\\__init__.py', reloading
2023-11-21 22:46:45,248 INFO werkzeug MainThread :  * Restarting with stat
2023-11-21 22:46:45,763 WARNING werkzeug MainThread :  * Debugger is active!
2023-11-21 22:46:45,765 INFO werkzeug MainThread :  * Debugger PIN: 746-857-499
2023-11-21 22:46:45,801 WARNING werkzeug MainThread :  * Debugger is active!
2023-11-21 22:46:45,804 INFO werkzeug MainThread :  * Debugger PIN: 746-857-499
2023-11-21 22:47:27,178 INFO werkzeug Thread-2 : 127.0.0.1 - - [21/Nov/2023 22:47:27] "[33mGET / HTTP/1.1[0m" 404 -
2023-11-21 22:50:04,289 INFO werkzeug MainThread :  * Detected change in 'C:\\Users\\Altay\\Desktop\\BookStore-main\\venv\\lib\\site-packages\\click\\_winconsole.py', reloading
2023-11-21 22:50:04,337 INFO werkzeug MainThread :  * Restarting with stat
